2023-04-18 20:45:20 INFO  Log:14 - ***************
2023-04-18 20:45:20 INFO  Log:15 - ***************
2023-04-18 20:45:20 INFO  Log:16 - *********This is the beginning of my Test case*********
2023-04-18 20:45:20 INFO  Log:27 - My test case is executing right now
2023-04-18 20:45:20 INFO  Log:31 - My test case might have some trivial issues
2023-04-18 20:46:08 INFO  Log:27 - This test case is about to get completed
2023-04-18 20:46:08 INFO  Log:21 - ######################################
2023-04-18 20:46:08 INFO  Log:22 - ######################################
2023-04-18 20:46:08 INFO  Log:23 - #################This test case is finished#####################
2023-04-18 21:05:03 INFO  Log:14 - ***************
2023-04-18 21:05:03 INFO  Log:15 - ***************
2023-04-18 21:05:03 INFO  Log:16 - *********This is the beginning of my Test case*********
2023-04-18 21:05:03 INFO  Log:27 - My test case is executing right now
2023-04-18 21:05:03 INFO  Log:31 - My test case might have some trivial issues
2023-04-18 21:05:10 INFO  Log:27 - This test case is about to get completed
2023-04-18 21:05:10 INFO  Log:21 - ######################################
2023-04-18 21:05:10 INFO  Log:22 - ######################################
2023-04-18 21:05:10 INFO  Log:23 - #################This test case is finished#####################
2023-04-18 21:08:12 INFO  Log:14 - ***************
2023-04-18 21:08:12 INFO  Log:15 - ***************
2023-04-18 21:08:12 INFO  Log:16 - *********This is the beginning of my Test case*********
2023-04-18 21:08:12 INFO  Log:27 - My test case is executing right now
2023-04-18 21:08:12 INFO  Log:31 - My test case might have some trivial issues
2023-04-18 21:08:19 INFO  Log:27 - This test case is about to get completed
2023-04-18 21:08:19 INFO  Log:21 - ######################################
2023-04-18 21:08:19 INFO  Log:22 - ######################################
2023-04-18 21:08:19 INFO  Log:23 - #################This test case is finished#####################
2023-04-18 21:15:54 INFO  Log:14 - ***************
2023-04-18 21:15:54 INFO  Log:15 - ***************
2023-04-18 21:15:54 INFO  Log:16 - *********This is the beginning of my Test case*********
2023-04-18 21:15:54 INFO  Log:27 - My test case is executing right now
2023-04-18 21:15:54 INFO  Log:31 - My test case might have some trivial issues
2023-04-18 21:16:01 INFO  Log:27 - This test case is about to get completed
2023-04-18 21:16:01 INFO  Log:21 - ######################################
2023-04-18 21:16:01 INFO  Log:22 - ######################################
2023-04-18 21:16:01 INFO  Log:23 - #################This test case is finished#####################
2023-05-13 12:33:25 INFO  Log:14 - ***************
2023-05-13 12:33:25 INFO  Log:15 - ***************
2023-05-13 12:33:25 INFO  Log:16 - *********This is the beginning of my Test case*********
2023-05-13 12:33:25 INFO  Log:27 - My test case is executing right now
2023-05-13 12:33:25 INFO  Log:31 - My test case might have some trivial issues
2023-05-13 12:33:26 INFO  Log:27 - This test case is about to get completed
2023-05-13 12:33:26 INFO  Log:21 - ######################################
2023-05-13 12:33:26 INFO  Log:22 - ######################################
2023-05-13 12:33:26 INFO  Log:23 - #################This test case is finished#####################
2023-05-13 12:36:18 INFO  Log:14 - ***************
2023-05-13 12:36:18 INFO  Log:15 - ***************
2023-05-13 12:36:18 INFO  Log:16 - *********This is the beginning of my Test case*********
2023-05-13 12:36:18 INFO  Log:27 - My test case is executing right now
2023-05-13 12:36:18 INFO  Log:31 - My test case might have some trivial issues
2023-05-13 12:36:26 INFO  Log:27 - This test case is about to get completed
2023-05-13 12:36:26 INFO  Log:21 - ######################################
2023-05-13 12:36:26 INFO  Log:22 - ######################################
2023-05-13 12:36:26 INFO  Log:23 - #################This test case is finished#####################
2023-05-13 12:39:44 INFO  Log:14 - ***************
2023-05-13 12:39:44 INFO  Log:15 - ***************
2023-05-13 12:39:44 INFO  Log:16 - *********This is the beginning of my Test case*********
2023-05-13 12:39:44 INFO  Log:27 - My test case is executing right now
2023-05-13 12:39:44 INFO  Log:31 - My test case might have some trivial issues
2023-05-13 12:39:52 INFO  Log:27 - This test case is about to get completed
2023-05-13 12:39:52 INFO  Log:21 - ######################################
2023-05-13 12:39:52 INFO  Log:22 - ######################################
2023-05-13 12:39:52 INFO  Log:23 - #################This test case is finished#####################
2023-05-13 12:50:29 INFO  Log:14 - ***************
2023-05-13 12:50:29 INFO  Log:15 - ***************
2023-05-13 12:50:29 INFO  Log:16 - *********This is the beginning of my Test case*********
2023-05-13 12:50:29 INFO  Log:27 - My test case is executing right now
2023-05-13 12:50:29 INFO  Log:31 - My test case might have some trivial issues
2023-05-13 12:50:36 INFO  Log:27 - This test case is about to get completed
2023-05-13 12:50:36 INFO  Log:21 - ######################################
2023-05-13 12:50:36 INFO  Log:22 - ######################################
2023-05-13 12:50:36 INFO  Log:23 - #################This test case is finished#####################
2023-05-13 12:55:32 INFO  Log:14 - ***************
2023-05-13 12:55:32 INFO  Log:15 - ***************
2023-05-13 12:55:32 INFO  Log:16 - *********This is the beginning of my Test case*********
2023-05-13 12:55:32 INFO  Log:27 - My test case is executing right now
2023-05-13 12:55:32 INFO  Log:31 - My test case might have some trivial issues
2023-05-13 12:55:41 INFO  Log:27 - This test case is about to get completed
2023-05-13 12:55:41 INFO  Log:21 - ######################################
2023-05-13 12:55:41 INFO  Log:22 - ######################################
2023-05-13 12:55:41 INFO  Log:23 - #################This test case is finished#####################
2023-05-27 14:03:27 INFO  Log:14 - ***************
2023-05-27 14:03:27 INFO  Log:15 - ***************
2023-05-27 14:03:27 INFO  Log:16 - *********This is the beginning of my Test case*********
2023-05-27 14:03:27 INFO  Log:27 - My test case is executing right now
2023-05-27 14:03:27 INFO  Log:31 - My test case might have some trivial issues
2023-05-27 14:03:30 INFO  Log:27 - This test case is about to get completed
2023-05-27 14:03:30 INFO  Log:21 - ######################################
2023-05-27 14:03:30 INFO  Log:22 - ######################################
2023-05-27 14:03:30 INFO  Log:23 - #################This test case is finished#####################
2023-05-27 14:03:33 INFO  Log:14 - ***************
2023-05-27 14:03:33 INFO  Log:15 - ***************
2023-05-27 14:03:33 INFO  Log:16 - *********This is the beginning of my Test case*********
2023-05-27 14:03:33 INFO  Log:27 - My test case is executing right now
2023-05-27 14:03:33 INFO  Log:31 - My test case might have some trivial issues
2023-05-27 14:03:34 INFO  Log:27 - This test case is about to get completed
2023-05-27 14:03:34 INFO  Log:21 - ######################################
2023-05-27 14:03:34 INFO  Log:22 - ######################################
2023-05-27 14:03:34 INFO  Log:23 - #################This test case is finished#####################
2023-05-27 14:04:03 INFO  Log:14 - ***************
2023-05-27 14:04:03 INFO  Log:15 - ***************
2023-05-27 14:04:03 INFO  Log:16 - *********This is the beginning of my Test case*********
2023-05-27 14:04:03 INFO  Log:27 - My test case is executing right now
2023-05-27 14:04:03 INFO  Log:31 - My test case might have some trivial issues
2023-05-27 14:04:05 INFO  Log:27 - This test case is about to get completed
2023-05-27 14:04:05 INFO  Log:21 - ######################################
2023-05-27 14:04:05 INFO  Log:22 - ######################################
2023-05-27 14:04:05 INFO  Log:23 - #################This test case is finished#####################
2023-05-27 14:05:58 INFO  Log:14 - ***************
2023-05-27 14:05:58 INFO  Log:15 - ***************
2023-05-27 14:05:58 INFO  Log:16 - *********This is the beginning of my Test case*********
2023-05-27 14:05:58 INFO  Log:27 - My test case is executing right now
2023-05-27 14:05:58 INFO  Log:31 - My test case might have some trivial issues
2023-05-27 14:06:00 INFO  Log:27 - This test case is about to get completed
2023-05-27 14:06:00 INFO  Log:21 - ######################################
2023-05-27 14:06:00 INFO  Log:22 - ######################################
2023-05-27 14:06:00 INFO  Log:23 - #################This test case is finished#####################
2023-05-30 21:34:26 INFO  Log:14 - ***************
2023-05-30 21:34:26 INFO  Log:15 - ***************
2023-05-30 21:34:26 INFO  Log:16 - *********This is the beginning of my Test case*********
2023-05-30 21:34:26 INFO  Log:27 - My test case is executing right now
2023-05-30 21:34:26 INFO  Log:31 - My test case might have some trivial issues
2023-05-30 21:34:51 INFO  Log:27 - This test case is about to get completed
2023-05-30 21:34:51 INFO  Log:21 - ######################################
2023-05-30 21:34:51 INFO  Log:22 - ######################################
2023-05-30 21:34:51 INFO  Log:23 - #################This test case is finished#####################
2023-05-31 19:43:31 INFO  Log:14 - ***************
2023-05-31 19:43:31 INFO  Log:15 - ***************
2023-05-31 19:43:31 INFO  Log:16 - *********This is the beginning of my Test case*********
2023-05-31 19:43:31 INFO  Log:27 - My test case is executing right now
2023-05-31 19:43:31 INFO  Log:31 - My test case might have some trivial issues
2023-05-31 19:43:40 INFO  Log:27 - This test case is about to get completed
2023-05-31 19:43:40 INFO  Log:21 - ######################################
2023-05-31 19:43:40 INFO  Log:22 - ######################################
2023-05-31 19:43:40 INFO  Log:23 - #################This test case is finished#####################
2023-05-31 20:47:55 INFO  Log:14 - ***************
2023-05-31 20:47:55 INFO  Log:15 - ***************
2023-05-31 20:47:55 INFO  Log:16 - *********This is the beginning of my Test case*********
2023-05-31 20:47:55 INFO  Log:27 - My test case is executing right now
2023-05-31 20:47:55 INFO  Log:31 - My test case might have some trivial issues
2023-05-31 20:47:57 INFO  Log:27 - This test case is about to get completed
2023-05-31 20:47:57 INFO  Log:21 - ######################################
2023-05-31 20:47:57 INFO  Log:22 - ######################################
2023-05-31 20:47:57 INFO  Log:23 - #################This test case is finished#####################
2023-05-31 20:55:23 INFO  Log:14 - ***************
2023-05-31 20:55:23 INFO  Log:15 - ***************
2023-05-31 20:55:23 INFO  Log:16 - *********This is the beginning of my Test case*********
2023-05-31 20:55:23 INFO  Log:27 - My test case is executing right now
2023-05-31 20:55:23 INFO  Log:31 - My test case might have some trivial issues
2023-05-31 20:55:32 INFO  Log:27 - This test case is about to get completed
2023-05-31 20:55:32 INFO  Log:21 - ######################################
2023-05-31 20:55:32 INFO  Log:22 - ######################################
2023-05-31 20:55:32 INFO  Log:23 - #################This test case is finished#####################
